#
# A fatal error has been detected by the Java Runtime Environment:
#
#  Internal Error (javaClasses.cpp:136), pid=12044, tid=17368
#  fatal error: Invalid layout of preloaded class
#
# JRE version:  (7.0_67-b01) (build )
# Java VM: Java HotSpot(TM) 64-Bit Server VM (24.65-b04 mixed mode windows-amd64 compressed oops)
# Failed to write core dump. Minidumps are not enabled by default on client versions of Windows
#
# If you would like to submit a bug report, please visit:
#   http://bugreport.sun.com/bugreport/crash.jsp
#

---------------  T H R E A D  ---------------

Current thread (0x00000000029fe000):  JavaThread "Unknown thread" [_thread_in_vm, id=17368, stack(0x0000000002720000,0x0000000002820000)]

Stack: [0x0000000002720000,0x0000000002820000]
[error occurred during error reporting (printing stack bounds), id 0xc0000005]


---------------  P R O C E S S  ---------------

Java Threads: ( => current thread )

Other Threads:

=>0x00000000029fe000 (exited) JavaThread "Unknown thread" [_thread_in_vm, id=17368, stack(0x0000000002720000,0x0000000002820000)]

VM state:not at safepoint (not fully initialized)

VM Mutex/Monitor currently owned by a thread: None

GC Heap History (0 events):
No events

Deoptimization events (0 events):
No events

Internal exceptions (0 events):
No events

Events (10 events):
Event: 0.030 loading class 0x000000000289f6e0 done
Event: 0.030 loading class 0x000000000289f100 done
Event: 0.030 loading class 0x000000000289f0e0
Event: 0.030 loading class 0x00000000028a7230
Event: 0.031 loading class 0x00000000028a7230 done
Event: 0.031 loading class 0x00000000028a7260
Event: 0.031 loading class 0x00000000028a7260 done
Event: 0.031 loading class 0x00000000028a7290
Event: 0.031 loading class 0x00000000028a7290 done
Event: 0.031 loading class 0x000000000289f0e0 done


Dynamic libraries:
0x00007ff66da00000 - 0x00007ff66da33000 	C:\Program Files\Java\jre7\bin\javaw.exe
0x00007ffa91490000 - 0x00007ffa9163c000 	C:\WINDOWS\SYSTEM32\ntdll.dll
0x00007ffa8f650000 - 0x00007ffa8f78e000 	C:\WINDOWS\system32\KERNEL32.DLL
0x00007ffa8e9f0000 - 0x00007ffa8eb05000 	C:\WINDOWS\system32\KERNELBASE.dll
0x00007ffa8d140000 - 0x00007ffa8d1ce000 	C:\WINDOWS\system32\apphelp.dll
0x00007ffa73a80000 - 0x00007ffa73ad3000 	C:\WINDOWS\AppPatch\AppPatch64\AcGenral.DLL
0x00007ffa8f2a0000 - 0x00007ffa8f34a000 	C:\WINDOWS\system32\msvcrt.dll
0x00007ffa8e3b0000 - 0x00007ffa8e3de000 	C:\WINDOWS\SYSTEM32\SspiCli.dll
0x00007ffa910e0000 - 0x00007ffa91134000 	C:\WINDOWS\system32\SHLWAPI.dll
0x00007ffa8f0a0000 - 0x00007ffa8f217000 	C:\WINDOWS\system32\USER32.dll
0x00007ffa8ec80000 - 0x00007ffa8ee14000 	C:\WINDOWS\system32\ole32.dll
0x00007ffa8fa10000 - 0x00007ffa90f28000 	C:\WINDOWS\system32\SHELL32.dll
0x00007ffa8dc60000 - 0x00007ffa8dc81000 	C:\WINDOWS\SYSTEM32\USERENV.dll
0x00007ffa8f3c0000 - 0x00007ffa8f46a000 	C:\WINDOWS\system32\ADVAPI32.dll
0x00007ffa7d930000 - 0x00007ffa7d94e000 	C:\WINDOWS\SYSTEM32\MPR.dll
0x00007ffa90f30000 - 0x00007ffa91071000 	C:\WINDOWS\system32\RPCRT4.dll
0x00007ffa91080000 - 0x00007ffa910d9000 	C:\WINDOWS\SYSTEM32\sechost.dll
0x00007ffa91270000 - 0x00007ffa91481000 	C:\WINDOWS\SYSTEM32\combase.dll
0x00007ffa8eb20000 - 0x00007ffa8ec71000 	C:\WINDOWS\system32\GDI32.dll
0x00007ffa8e5e0000 - 0x00007ffa8e5f5000 	C:\WINDOWS\SYSTEM32\profapi.dll
0x00007ffa8cda0000 - 0x00007ffa8ce52000 	C:\WINDOWS\SYSTEM32\SHCORE.dll
0x00007ffa8ee30000 - 0x00007ffa8ee66000 	C:\WINDOWS\system32\IMM32.DLL
0x00007ffa8ef40000 - 0x00007ffa8f091000 	C:\WINDOWS\system32\MSCTF.dll
0x00007ffa8c4b0000 - 0x00007ffa8c72a000 	C:\WINDOWS\WinSxS\amd64_microsoft.windows.common-controls_6595b64144ccf1df_6.0.9600.17810_none_6240b9c7ecbd0bda\COMCTL32.dll
0x0000000062080000 - 0x0000000062152000 	C:\Program Files\Java\jre7\bin\msvcr100.dll
0x00000000618a0000 - 0x0000000062072000 	C:\Program Files\Java\jre7\bin\server\jvm.dll
0x00007ffa84bd0000 - 0x00007ffa84bd9000 	C:\WINDOWS\SYSTEM32\WSOCK32.dll
0x00007ffa8b9e0000 - 0x00007ffa8ba02000 	C:\WINDOWS\SYSTEM32\WINMM.dll
0x00007ffa8ee20000 - 0x00007ffa8ee27000 	C:\WINDOWS\system32\PSAPI.DLL
0x00007ffa91210000 - 0x00007ffa9126a000 	C:\WINDOWS\system32\WS2_32.dll
0x00007ffa8b500000 - 0x00007ffa8b52a000 	C:\WINDOWS\SYSTEM32\WINMMBASE.dll
0x00007ffa8ee70000 - 0x00007ffa8ee79000 	C:\WINDOWS\system32\NSI.dll
0x00007ffa8e6b0000 - 0x00007ffa8e6ff000 	C:\WINDOWS\SYSTEM32\cfgmgr32.dll
0x00007ffa8d390000 - 0x00007ffa8d3b8000 	C:\WINDOWS\SYSTEM32\DEVOBJ.dll
0x0000000061890000 - 0x000000006189f000 	C:\Program Files\Java\jre7\bin\verify.dll
0x0000000061860000 - 0x0000000061888000 	C:\Program Files\Java\jre7\bin\java.dll
0x0000000061840000 - 0x0000000061855000 	C:\Program Files\Java\jre7\bin\zip.dll

VM Arguments:
jvm_args: -Dfile.encoding=Cp1252 -Xbootclasspath:D:\Softwares\ADTBundle\adt-bundle-windows-x86_64-20140321\adt-bundle-windows-x86_64-20140321\sdk\platforms\android-19\android.jar 
java_command: com.trainerworkout.trainee.database.DatabaseConfigUtil
Launcher Type: SUN_STANDARD

Environment Variables:
JAVA_HOME=C:\Program Files (x86)\Java\jdk1.7.0_55
PATH=C:\Python27;C:\Windows\System32\;C:\WinAVR-20100110\bin;C:\WinAVR-20100110\utils\bin;C:\Program Files (x86)\OpenSSH\bin;C:\OpenSSH\bin;C:\Program Files\Sublime Text 2;C:\Program Files\nodejs\;C:\Program Files (x86)\Android\android-sdk\\platform-tools;C:\Program Files (x86)\Android\android-sdk\\tools;C:\Program Files (x86)\WinAnt\bin;C:\Program Files (x86)\Java\jdk1.7.0_55\bin;C:\MongoDB\bin;C:\Python27\Scripts;C:\Program Files (x86)\Skype\Phone\;C:\wamp\bin\php\php5.5.12;;C:\Program Files (x86)\Heroku\bin;C:\Program Files (x86)\git\cmd;C:\Program Files (x86)\Maven\bin;;C:\Program Files (x86)\NVIDIA Corporation\PhysX\Common;C:\Users\nicolas.husser\Documents\Libs\opencv\build\x86\vc12\bin;D:\CloudOps\Softwares\apache-maven-3.2.1\bin;C:\Program Files\MySQL\MySQL Server 5.6\bin;D:\Softwares\EclipseKepler\eclipse\plugins\org.apache.ant_1.8.4.v201303080030\bin;C:\Program Files (x86)\Android\android-sdk\tools;C:\Program Files (x86)\Android\android-sdk\platform;C:\Ruby200\bin;C:\Program Files (x86)\Git\bin;C:\Program Files (x86)\Nmap;C:\Users\nicolas.husser\AppData\Roaming\npm;C:\Program Files (x86)\WinAnt\bin;C:\Program Files (x86)\Java\jdk1.7.0_55;C:\Program Files (x86)\Android\android-sdk\
USERNAME=nicolas.husser
OS=Windows_NT
PROCESSOR_IDENTIFIER=Intel64 Family 6 Model 60 Stepping 3, GenuineIntel



---------------  S Y S T E M  ---------------

OS: Windows 8.1 , 64 bit Build 9600 

CPU:total 8 (4 cores per cpu, 2 threads per core) family 6 model 60 stepping 3, cmov, cx8, fxsr, mmx, sse, sse2, sse3, ssse3, sse4.1, sse4.2, popcnt, avx, avx2, aes, erms, ht, tsc, tscinvbit

Memory: 4k page, physical 8102168k(2640388k free), swap 16228632k(8280072k free)

vm_info: Java HotSpot(TM) 64-Bit Server VM (24.65-b04) for windows-amd64 JRE (1.7.0_67-b01), built on Jul 25 2014 08:55:00 by "java_re" with unknown MS VC++:1600

time: Mon Jul 06 09:38:53 2015
elapsed time: 0 seconds

